02/10/2022 09:35:07 AM - LoginPage - INFO: Element Found with locator: //a[text() = 'Sign In']and locatorType: xpath
02/10/2022 09:35:08 AM - LoginPage - INFO: Clicked on element with locator: //a[text() = 'Sign In'] locatorType: xpath
02/10/2022 09:35:08 AM - LoginPage - INFO: Element Found with locator: emailand locatorType: id
02/10/2022 09:35:08 AM - LoginPage - INFO: Element Found with locator: passwordand locatorType: id
02/10/2022 09:35:08 AM - LoginPage - INFO: Element Found with locator: emailand locatorType: id
02/10/2022 09:35:08 AM - LoginPage - INFO: Send data on element with locator: emaillocatorType: id
02/10/2022 09:35:08 AM - LoginPage - INFO: Element Found with locator: passwordand locatorType: id
02/10/2022 09:35:08 AM - LoginPage - INFO: Send data on element with locator: passwordlocatorType: id
02/10/2022 09:35:08 AM - LoginPage - INFO: Element Found with locator: //div[@class = 'col-xs-12 col-md-12']//inputand locatorType: xpath
02/10/2022 09:35:09 AM - LoginPage - INFO: Clicked on element with locator: //div[@class = 'col-xs-12 col-md-12']//input locatorType: xpath
02/10/2022 09:35:09 AM - NavigationPage - INFO: Element Found with locator: //a[text() ='ALL COURSES']and locatorType: xpath
02/10/2022 09:35:13 AM - NavigationPage - INFO: Clicked on element with locator: //a[text() ='ALL COURSES'] locatorType: xpath
02/10/2022 09:35:13 AM - RegisterCoursesPage - INFO: Element Found with locator: //a[text() = 'ALL COURSES']and locatorType: xpath
02/10/2022 09:35:16 AM - RegisterCoursesPage - INFO: Clicked on element with locator: //a[text() = 'ALL COURSES'] locatorType: xpath
02/10/2022 09:35:16 AM - RegisterCoursesPage - INFO: Element Found with locator: //input[contains(@class,'dynamic-text')]and locatorType: xpath
02/10/2022 09:35:16 AM - RegisterCoursesPage - INFO: Clicked on element with locator: //input[contains(@class,'dynamic-text')] locatorType: xpath
02/10/2022 09:35:18 AM - RegisterCoursesPage - INFO: Element Found with locator: //input[contains(@class,'dynamic-text')]and locatorType: xpath
02/10/2022 09:35:18 AM - RegisterCoursesPage - INFO: Send data on element with locator: //input[contains(@class,'dynamic-text')]locatorType: xpath
02/10/2022 09:35:23 AM - RegisterCoursesPage - INFO: Element Found with locator: //button[@class = 'find-course search-course']and locatorType: xpath
02/10/2022 09:35:23 AM - RegisterCoursesPage - INFO: Clicked on element with locator: //button[@class = 'find-course search-course'] locatorType: xpath
02/10/2022 09:35:23 AM - RegisterCoursesPage - INFO: Element Found with locator: //div[@class = 'col-md-12']//h4[contains(text(), 'JavaScript for beginners')]and locatorType: xpath
02/10/2022 09:35:27 AM - RegisterCoursesPage - INFO: Clicked on element with locator: //div[@class = 'col-md-12']//h4[contains(text(), 'JavaScript for beginners')] locatorType: xpath
02/10/2022 09:35:27 AM - RegisterCoursesPage - INFO: Element Found with locator: //button[contains(@class,'dynamic-button')]and locatorType: xpath
02/10/2022 09:35:32 AM - RegisterCoursesPage - INFO: Clicked on element with locator: //button[contains(@class,'dynamic-button')] locatorType: xpath
02/10/2022 09:35:32 AM - RegisterCoursesPage - INFO: Element list found with locator: //iframe and  locatorType: xpath
02/10/2022 09:35:32 AM - RegisterCoursesPage - INFO: Lengh of iframe list: 
02/10/2022 09:35:32 AM - RegisterCoursesPage - INFO: 9
02/10/2022 09:35:32 AM - RegisterCoursesPage - INFO: Element Found with locator: //div[contains(@class,'CardNumberField-input-wrapper')]//inputand locatorType: xpath
02/10/2022 09:35:32 AM - RegisterCoursesPage - INFO: Element present with locator: //div[contains(@class,'CardNumberField-input-wrapper')]//input locatorType: xpath
02/10/2022 09:35:32 AM - RegisterCoursesPage - INFO: Element Found with locator: //div[contains(@class,'CardNumberField-input-wrapper')]//inputand locatorType: xpath
02/10/2022 09:35:32 AM - RegisterCoursesPage - INFO: Clicked on element with locator: //div[contains(@class,'CardNumberField-input-wrapper')]//input locatorType: xpath
02/10/2022 09:35:32 AM - RegisterCoursesPage - INFO: Element Found with locator: //div[contains(@class,'CardNumberField-input-wrapper')]//inputand locatorType: xpath
02/10/2022 09:35:32 AM - RegisterCoursesPage - INFO: Send data on element with locator: //div[contains(@class,'CardNumberField-input-wrapper')]//inputlocatorType: xpath
02/10/2022 09:35:32 AM - RegisterCoursesPage - INFO: Element list found with locator: //iframe and  locatorType: xpath
02/10/2022 09:35:32 AM - RegisterCoursesPage - INFO: Lengh of iframe list: 
02/10/2022 09:35:32 AM - RegisterCoursesPage - INFO: 9
02/10/2022 09:35:35 AM - RegisterCoursesPage - INFO: Element not found with locator: //input[@name='exp-date']locatorType: xpath
02/10/2022 09:35:35 AM - RegisterCoursesPage - INFO: Element not present with locator: //input[@name='exp-date'] locatorType: xpath
02/10/2022 09:35:35 AM - RegisterCoursesPage - INFO: Element Found with locator: //input[@name='exp-date']and locatorType: xpath
02/10/2022 09:35:35 AM - RegisterCoursesPage - INFO: Element present with locator: //input[@name='exp-date'] locatorType: xpath
02/10/2022 09:35:35 AM - RegisterCoursesPage - INFO: Element Found with locator: //input[@name='exp-date']and locatorType: xpath
02/10/2022 09:35:36 AM - RegisterCoursesPage - INFO: Send data on element with locator: //input[@name='exp-date']locatorType: xpath
02/10/2022 09:35:36 AM - RegisterCoursesPage - INFO: Element list found with locator: //iframe and  locatorType: xpath
02/10/2022 09:35:36 AM - RegisterCoursesPage - INFO: Lengh of iframe list: 
02/10/2022 09:35:36 AM - RegisterCoursesPage - INFO: 9
02/10/2022 09:35:39 AM - RegisterCoursesPage - INFO: Element not found with locator: //input[@name='cvc']locatorType: xpath
02/10/2022 09:35:39 AM - RegisterCoursesPage - INFO: Element not present with locator: //input[@name='cvc'] locatorType: xpath
02/10/2022 09:35:42 AM - RegisterCoursesPage - INFO: Element not found with locator: //input[@name='cvc']locatorType: xpath
02/10/2022 09:35:42 AM - RegisterCoursesPage - INFO: Element not present with locator: //input[@name='cvc'] locatorType: xpath
02/10/2022 09:35:42 AM - RegisterCoursesPage - INFO: Element Found with locator: //input[@name='cvc']and locatorType: xpath
02/10/2022 09:35:42 AM - RegisterCoursesPage - INFO: Element present with locator: //input[@name='cvc'] locatorType: xpath
02/10/2022 09:35:42 AM - RegisterCoursesPage - INFO: Element Found with locator: //input[@name='cvc']and locatorType: xpath
02/10/2022 09:35:42 AM - RegisterCoursesPage - INFO: Send data on element with locator: //input[@name='cvc']locatorType: xpath
02/10/2022 09:35:42 AM - RegisterCoursesPage - INFO: Element Found with locator: //select[@name='country-list']and locatorType: xpath
02/10/2022 09:35:42 AM - RegisterCoursesPage - INFO: Clicked on element with locator: //select[@name='country-list'] locatorType: xpath
02/10/2022 09:35:42 AM - RegisterCoursesPage - INFO: Element Found with locator: //select[@name='country-list']//option[15]and locatorType: xpath
02/10/2022 09:35:42 AM - RegisterCoursesPage - INFO: Clicked on element with locator: //select[@name='country-list']//option[15] locatorType: xpath
02/10/2022 09:35:42 AM - RegisterCoursesPage - INFO: Element Found with locator: //button[contains(@class, 'zen-subscribe')][1]and locatorType: xpath
02/10/2022 09:35:42 AM - RegisterCoursesPage - INFO: Clicked on element with locator: //button[contains(@class, 'zen-subscribe')][1] locatorType: xpath
02/10/2022 09:35:42 AM - RegisterCoursesPage - INFO: Waiting for maximum :: 10 :: seconds for element to be clickable
02/10/2022 09:35:43 AM - RegisterCoursesPage - INFO: Element appeared on the web page
02/10/2022 09:35:43 AM - RegisterCoursesPage - INFO: Element is displayed with locator:  locatorType: xpath
02/10/2022 09:35:43 AM - TestStatus - INFO: ### VERIFICATION SUCCESSFUL :: + Enrollment Failed Verification
02/10/2022 09:35:43 AM - TestStatus - INFO: test_invalidEnrollment ### TEST SUCCESSFUL
02/10/2022 09:35:43 AM - NavigationPage - INFO: Element Found with locator: //a[text() ='ALL COURSES']and locatorType: xpath
02/10/2022 09:35:46 AM - NavigationPage - INFO: Clicked on element with locator: //a[text() ='ALL COURSES'] locatorType: xpath
02/10/2022 09:35:46 AM - RegisterCoursesPage - INFO: Element Found with locator: //a[text() = 'ALL COURSES']and locatorType: xpath
02/10/2022 09:35:50 AM - RegisterCoursesPage - INFO: Clicked on element with locator: //a[text() = 'ALL COURSES'] locatorType: xpath
02/10/2022 09:35:50 AM - RegisterCoursesPage - INFO: Element Found with locator: //input[contains(@class,'dynamic-text')]and locatorType: xpath
02/10/2022 09:35:50 AM - RegisterCoursesPage - INFO: Clicked on element with locator: //input[contains(@class,'dynamic-text')] locatorType: xpath
02/10/2022 09:35:52 AM - RegisterCoursesPage - INFO: Element Found with locator: //input[contains(@class,'dynamic-text')]and locatorType: xpath
02/10/2022 09:35:52 AM - RegisterCoursesPage - INFO: Send data on element with locator: //input[contains(@class,'dynamic-text')]locatorType: xpath
02/10/2022 09:35:57 AM - RegisterCoursesPage - INFO: Element Found with locator: //button[@class = 'find-course search-course']and locatorType: xpath
02/10/2022 09:35:57 AM - RegisterCoursesPage - INFO: Clicked on element with locator: //button[@class = 'find-course search-course'] locatorType: xpath
02/10/2022 09:35:57 AM - RegisterCoursesPage - INFO: Element Found with locator: //div[@class = 'col-md-12']//h4[contains(text(), 'Complete Test Automation Bundle')]and locatorType: xpath
02/10/2022 09:35:59 AM - RegisterCoursesPage - INFO: Clicked on element with locator: //div[@class = 'col-md-12']//h4[contains(text(), 'Complete Test Automation Bundle')] locatorType: xpath
02/10/2022 09:35:59 AM - RegisterCoursesPage - INFO: Element Found with locator: //button[contains(@class,'dynamic-button')]and locatorType: xpath
02/10/2022 09:36:02 AM - RegisterCoursesPage - INFO: Clicked on element with locator: //button[contains(@class,'dynamic-button')] locatorType: xpath
02/10/2022 09:36:02 AM - RegisterCoursesPage - INFO: Element list found with locator: //iframe and  locatorType: xpath
02/10/2022 09:36:02 AM - RegisterCoursesPage - INFO: Lengh of iframe list: 
02/10/2022 09:36:02 AM - RegisterCoursesPage - INFO: 8
02/10/2022 09:36:02 AM - RegisterCoursesPage - INFO: Element Found with locator: //div[contains(@class,'CardNumberField-input-wrapper')]//inputand locatorType: xpath
02/10/2022 09:36:02 AM - RegisterCoursesPage - INFO: Element present with locator: //div[contains(@class,'CardNumberField-input-wrapper')]//input locatorType: xpath
02/10/2022 09:36:02 AM - RegisterCoursesPage - INFO: Element Found with locator: //div[contains(@class,'CardNumberField-input-wrapper')]//inputand locatorType: xpath
02/10/2022 09:36:02 AM - RegisterCoursesPage - INFO: Clicked on element with locator: //div[contains(@class,'CardNumberField-input-wrapper')]//input locatorType: xpath
02/10/2022 09:36:02 AM - RegisterCoursesPage - INFO: Element Found with locator: //div[contains(@class,'CardNumberField-input-wrapper')]//inputand locatorType: xpath
02/10/2022 09:36:03 AM - RegisterCoursesPage - INFO: Send data on element with locator: //div[contains(@class,'CardNumberField-input-wrapper')]//inputlocatorType: xpath
02/10/2022 09:36:03 AM - RegisterCoursesPage - INFO: Element list found with locator: //iframe and  locatorType: xpath
02/10/2022 09:36:03 AM - RegisterCoursesPage - INFO: Lengh of iframe list: 
02/10/2022 09:36:03 AM - RegisterCoursesPage - INFO: 8
02/10/2022 09:36:06 AM - RegisterCoursesPage - INFO: Element not found with locator: //input[@name='exp-date']locatorType: xpath
02/10/2022 09:36:06 AM - RegisterCoursesPage - INFO: Element not present with locator: //input[@name='exp-date'] locatorType: xpath
02/10/2022 09:36:06 AM - RegisterCoursesPage - INFO: Element Found with locator: //input[@name='exp-date']and locatorType: xpath
02/10/2022 09:36:06 AM - RegisterCoursesPage - INFO: Element present with locator: //input[@name='exp-date'] locatorType: xpath
02/10/2022 09:36:06 AM - RegisterCoursesPage - INFO: Element Found with locator: //input[@name='exp-date']and locatorType: xpath
02/10/2022 09:36:06 AM - RegisterCoursesPage - INFO: Send data on element with locator: //input[@name='exp-date']locatorType: xpath
02/10/2022 09:36:06 AM - RegisterCoursesPage - INFO: Element list found with locator: //iframe and  locatorType: xpath
02/10/2022 09:36:06 AM - RegisterCoursesPage - INFO: Lengh of iframe list: 
02/10/2022 09:36:06 AM - RegisterCoursesPage - INFO: 8
02/10/2022 09:36:09 AM - RegisterCoursesPage - INFO: Element not found with locator: //input[@name='cvc']locatorType: xpath
02/10/2022 09:36:09 AM - RegisterCoursesPage - INFO: Element not present with locator: //input[@name='cvc'] locatorType: xpath
02/10/2022 09:36:12 AM - RegisterCoursesPage - INFO: Element not found with locator: //input[@name='cvc']locatorType: xpath
02/10/2022 09:36:12 AM - RegisterCoursesPage - INFO: Element not present with locator: //input[@name='cvc'] locatorType: xpath
02/10/2022 09:36:12 AM - RegisterCoursesPage - INFO: Element Found with locator: //input[@name='cvc']and locatorType: xpath
02/10/2022 09:36:12 AM - RegisterCoursesPage - INFO: Element present with locator: //input[@name='cvc'] locatorType: xpath
02/10/2022 09:36:12 AM - RegisterCoursesPage - INFO: Element Found with locator: //input[@name='cvc']and locatorType: xpath
02/10/2022 09:36:12 AM - RegisterCoursesPage - INFO: Send data on element with locator: //input[@name='cvc']locatorType: xpath
02/10/2022 09:36:12 AM - RegisterCoursesPage - INFO: Element Found with locator: //select[@name='country-list']and locatorType: xpath
02/10/2022 09:36:12 AM - RegisterCoursesPage - INFO: Clicked on element with locator: //select[@name='country-list'] locatorType: xpath
02/10/2022 09:36:12 AM - RegisterCoursesPage - INFO: Element Found with locator: //select[@name='country-list']//option[15]and locatorType: xpath
02/10/2022 09:36:12 AM - RegisterCoursesPage - INFO: Clicked on element with locator: //select[@name='country-list']//option[15] locatorType: xpath
02/10/2022 09:36:12 AM - RegisterCoursesPage - INFO: Element Found with locator: //button[contains(@class, 'zen-subscribe')][1]and locatorType: xpath
02/10/2022 09:36:13 AM - RegisterCoursesPage - INFO: Clicked on element with locator: //button[contains(@class, 'zen-subscribe')][1] locatorType: xpath
02/10/2022 09:36:13 AM - RegisterCoursesPage - INFO: Waiting for maximum :: 10 :: seconds for element to be clickable
02/10/2022 09:36:13 AM - RegisterCoursesPage - INFO: Element appeared on the web page
02/10/2022 09:36:13 AM - RegisterCoursesPage - INFO: Element is displayed with locator:  locatorType: xpath
02/10/2022 09:36:13 AM - TestStatus - INFO: ### VERIFICATION SUCCESSFUL :: + Enrollment Failed Verification
02/10/2022 09:36:13 AM - TestStatus - INFO: test_invalidEnrollment ### TEST SUCCESSFUL
02/10/2022 09:36:25 AM - LoginPage - INFO: Element Found with locator: //a[text() = 'Sign In']and locatorType: xpath
02/10/2022 09:36:26 AM - LoginPage - INFO: Clicked on element with locator: //a[text() = 'Sign In'] locatorType: xpath
02/10/2022 09:36:26 AM - LoginPage - INFO: Element Found with locator: emailand locatorType: id
02/10/2022 09:36:26 AM - LoginPage - INFO: Element Found with locator: passwordand locatorType: id
02/10/2022 09:36:26 AM - LoginPage - INFO: Element Found with locator: emailand locatorType: id
02/10/2022 09:36:26 AM - LoginPage - INFO: Send data on element with locator: emaillocatorType: id
02/10/2022 09:36:26 AM - LoginPage - INFO: Element Found with locator: passwordand locatorType: id
02/10/2022 09:36:26 AM - LoginPage - INFO: Send data on element with locator: passwordlocatorType: id
02/10/2022 09:36:26 AM - LoginPage - INFO: Element Found with locator: //div[@class = 'col-xs-12 col-md-12']//inputand locatorType: xpath
02/10/2022 09:36:27 AM - LoginPage - INFO: Clicked on element with locator: //div[@class = 'col-xs-12 col-md-12']//input locatorType: xpath
02/10/2022 09:36:27 AM - NavigationPage - INFO: Waiting for maximum :: 10 :: seconds for element to be clickable
02/10/2022 09:36:27 AM - NavigationPage - INFO: Element appeared on the web page
02/10/2022 09:36:28 AM - NavigationPage - INFO: Clicked on element with locator:  locatorType: id
02/10/2022 09:36:28 AM - LoginPage - INFO: Element Found with locator: //a[text()='Logout']and locatorType: xpath
02/10/2022 09:36:29 AM - LoginPage - INFO: Clicked on element with locator: //a[text()='Logout'] locatorType: xpath
02/10/2022 09:36:29 AM - LoginPage - INFO: Element Found with locator: //a[text() = 'Sign In']and locatorType: xpath
02/10/2022 09:36:30 AM - LoginPage - INFO: Clicked on element with locator: //a[text() = 'Sign In'] locatorType: xpath
02/10/2022 09:36:30 AM - LoginPage - INFO: Element Found with locator: emailand locatorType: id
02/10/2022 09:36:30 AM - LoginPage - INFO: Element Found with locator: passwordand locatorType: id
02/10/2022 09:36:30 AM - LoginPage - INFO: Element Found with locator: emailand locatorType: id
02/10/2022 09:36:30 AM - LoginPage - INFO: Send data on element with locator: emaillocatorType: id
02/10/2022 09:36:30 AM - LoginPage - INFO: Element Found with locator: passwordand locatorType: id
02/10/2022 09:36:30 AM - LoginPage - INFO: Send data on element with locator: passwordlocatorType: id
02/10/2022 09:36:30 AM - LoginPage - INFO: Element Found with locator: //div[@class = 'col-xs-12 col-md-12']//inputand locatorType: xpath
02/10/2022 09:36:31 AM - LoginPage - INFO: Clicked on element with locator: //div[@class = 'col-xs-12 col-md-12']//input locatorType: xpath
02/10/2022 09:36:31 AM - LoginPage - INFO: Element Found with locator: //span[contains(text(),'Your username or password is invalid.')]and locatorType: xpath
02/10/2022 09:36:31 AM - LoginPage - INFO: Element present with locator: //span[contains(text(),'Your username or password is invalid.')] locatorType: xpath
02/10/2022 09:36:31 AM - LoginPage - INFO: Element Found with locator: //a[text() = 'Sign In']and locatorType: xpath
02/10/2022 09:36:32 AM - LoginPage - INFO: Clicked on element with locator: //a[text() = 'Sign In'] locatorType: xpath
02/10/2022 09:36:32 AM - LoginPage - INFO: Element Found with locator: emailand locatorType: id
02/10/2022 09:36:32 AM - LoginPage - INFO: Element Found with locator: passwordand locatorType: id
02/10/2022 09:36:32 AM - LoginPage - INFO: Element Found with locator: emailand locatorType: id
02/10/2022 09:36:32 AM - LoginPage - INFO: Send data on element with locator: emaillocatorType: id
02/10/2022 09:36:32 AM - LoginPage - INFO: Element Found with locator: passwordand locatorType: id
02/10/2022 09:36:32 AM - LoginPage - INFO: Send data on element with locator: passwordlocatorType: id
02/10/2022 09:36:32 AM - LoginPage - INFO: Element Found with locator: //div[@class = 'col-xs-12 col-md-12']//inputand locatorType: xpath
02/10/2022 09:36:33 AM - LoginPage - INFO: Clicked on element with locator: //div[@class = 'col-xs-12 col-md-12']//input locatorType: xpath
02/10/2022 09:36:33 AM - TestStatus - INFO: ### VERIFICATION SUCCESSFUL :: + Title Verification
02/10/2022 09:36:33 AM - LoginPage - INFO: Element Found with locator: //div[@class='dropdown']and locatorType: xpath
02/10/2022 09:36:33 AM - LoginPage - INFO: Element present with locator: //div[@class='dropdown'] locatorType: xpath
02/10/2022 09:36:33 AM - TestStatus - INFO: ### VERIFICATION SUCCESSFUL :: + Login Verification
02/10/2022 09:36:33 AM - TestStatus - INFO: test_validLogin ### TEST SUCCESSFUL
02/10/2022 09:38:44 AM - LoginPage - INFO: Element Found with locator: //a[text() = 'Sign In']and locatorType: xpath
02/10/2022 09:38:45 AM - LoginPage - INFO: Clicked on element with locator: //a[text() = 'Sign In'] locatorType: xpath
02/10/2022 09:38:45 AM - LoginPage - INFO: Element Found with locator: emailand locatorType: id
02/10/2022 09:38:45 AM - LoginPage - INFO: Element Found with locator: passwordand locatorType: id
02/10/2022 09:38:45 AM - LoginPage - INFO: Element Found with locator: emailand locatorType: id
02/10/2022 09:38:45 AM - LoginPage - INFO: Send data on element with locator: emaillocatorType: id
02/10/2022 09:38:45 AM - LoginPage - INFO: Element Found with locator: passwordand locatorType: id
02/10/2022 09:38:45 AM - LoginPage - INFO: Send data on element with locator: passwordlocatorType: id
02/10/2022 09:38:45 AM - LoginPage - INFO: Element Found with locator: //div[@class = 'col-xs-12 col-md-12']//inputand locatorType: xpath
02/10/2022 09:38:50 AM - LoginPage - INFO: Clicked on element with locator: //div[@class = 'col-xs-12 col-md-12']//input locatorType: xpath
02/10/2022 09:38:50 AM - NavigationPage - INFO: Element Found with locator: //a[text() ='ALL COURSES']and locatorType: xpath
02/10/2022 09:38:54 AM - NavigationPage - INFO: Clicked on element with locator: //a[text() ='ALL COURSES'] locatorType: xpath
02/10/2022 09:38:54 AM - RegisterCoursesPage - INFO: Element Found with locator: //a[text() = 'ALL COURSES']and locatorType: xpath
02/10/2022 09:38:57 AM - RegisterCoursesPage - INFO: Clicked on element with locator: //a[text() = 'ALL COURSES'] locatorType: xpath
02/10/2022 09:38:57 AM - RegisterCoursesPage - INFO: Element Found with locator: //input[contains(@class,'dynamic-text')]and locatorType: xpath
02/10/2022 09:38:57 AM - RegisterCoursesPage - INFO: Clicked on element with locator: //input[contains(@class,'dynamic-text')] locatorType: xpath
02/10/2022 09:38:59 AM - RegisterCoursesPage - INFO: Element Found with locator: //input[contains(@class,'dynamic-text')]and locatorType: xpath
02/10/2022 09:38:59 AM - RegisterCoursesPage - INFO: Send data on element with locator: //input[contains(@class,'dynamic-text')]locatorType: xpath
02/10/2022 09:39:04 AM - RegisterCoursesPage - INFO: Element Found with locator: //button[@class = 'find-course search-course']and locatorType: xpath
02/10/2022 09:39:04 AM - RegisterCoursesPage - INFO: Clicked on element with locator: //button[@class = 'find-course search-course'] locatorType: xpath
02/10/2022 09:39:04 AM - RegisterCoursesPage - INFO: Element Found with locator: //div[@class = 'col-md-12']//h4[contains(text(), 'JavaScript for beginners')]and locatorType: xpath
02/10/2022 09:39:07 AM - RegisterCoursesPage - INFO: Clicked on element with locator: //div[@class = 'col-md-12']//h4[contains(text(), 'JavaScript for beginners')] locatorType: xpath
02/10/2022 09:39:07 AM - RegisterCoursesPage - INFO: Element Found with locator: //button[contains(@class,'dynamic-button')]and locatorType: xpath
02/10/2022 09:39:12 AM - RegisterCoursesPage - INFO: Clicked on element with locator: //button[contains(@class,'dynamic-button')] locatorType: xpath
02/10/2022 09:39:12 AM - RegisterCoursesPage - INFO: Element list found with locator: //iframe and  locatorType: xpath
02/10/2022 09:39:12 AM - RegisterCoursesPage - INFO: Lengh of iframe list: 
02/10/2022 09:39:12 AM - RegisterCoursesPage - INFO: 9
02/10/2022 09:39:12 AM - RegisterCoursesPage - INFO: Element Found with locator: //div[contains(@class,'CardNumberField-input-wrapper')]//inputand locatorType: xpath
02/10/2022 09:39:12 AM - RegisterCoursesPage - INFO: Element present with locator: //div[contains(@class,'CardNumberField-input-wrapper')]//input locatorType: xpath
02/10/2022 09:39:12 AM - RegisterCoursesPage - INFO: Element Found with locator: //div[contains(@class,'CardNumberField-input-wrapper')]//inputand locatorType: xpath
02/10/2022 09:39:12 AM - RegisterCoursesPage - INFO: Clicked on element with locator: //div[contains(@class,'CardNumberField-input-wrapper')]//input locatorType: xpath
02/10/2022 09:39:12 AM - RegisterCoursesPage - INFO: Element Found with locator: //div[contains(@class,'CardNumberField-input-wrapper')]//inputand locatorType: xpath
02/10/2022 09:39:12 AM - RegisterCoursesPage - INFO: Send data on element with locator: //div[contains(@class,'CardNumberField-input-wrapper')]//inputlocatorType: xpath
02/10/2022 09:39:12 AM - RegisterCoursesPage - INFO: Element list found with locator: //iframe and  locatorType: xpath
02/10/2022 09:39:12 AM - RegisterCoursesPage - INFO: Lengh of iframe list: 
02/10/2022 09:39:12 AM - RegisterCoursesPage - INFO: 9
02/10/2022 09:39:15 AM - RegisterCoursesPage - INFO: Element not found with locator: //input[@name='exp-date']locatorType: xpath
02/10/2022 09:39:15 AM - RegisterCoursesPage - INFO: Element not present with locator: //input[@name='exp-date'] locatorType: xpath
02/10/2022 09:39:15 AM - RegisterCoursesPage - INFO: Element Found with locator: //input[@name='exp-date']and locatorType: xpath
02/10/2022 09:39:15 AM - RegisterCoursesPage - INFO: Element present with locator: //input[@name='exp-date'] locatorType: xpath
02/10/2022 09:39:15 AM - RegisterCoursesPage - INFO: Element Found with locator: //input[@name='exp-date']and locatorType: xpath
02/10/2022 09:39:15 AM - RegisterCoursesPage - INFO: Send data on element with locator: //input[@name='exp-date']locatorType: xpath
02/10/2022 09:39:15 AM - RegisterCoursesPage - INFO: Element list found with locator: //iframe and  locatorType: xpath
02/10/2022 09:39:15 AM - RegisterCoursesPage - INFO: Lengh of iframe list: 
02/10/2022 09:39:15 AM - RegisterCoursesPage - INFO: 9
02/10/2022 09:39:18 AM - RegisterCoursesPage - INFO: Element not found with locator: //input[@name='cvc']locatorType: xpath
02/10/2022 09:39:18 AM - RegisterCoursesPage - INFO: Element not present with locator: //input[@name='cvc'] locatorType: xpath
02/10/2022 09:39:21 AM - RegisterCoursesPage - INFO: Element not found with locator: //input[@name='cvc']locatorType: xpath
02/10/2022 09:39:21 AM - RegisterCoursesPage - INFO: Element not present with locator: //input[@name='cvc'] locatorType: xpath
02/10/2022 09:39:21 AM - RegisterCoursesPage - INFO: Element Found with locator: //input[@name='cvc']and locatorType: xpath
02/10/2022 09:39:21 AM - RegisterCoursesPage - INFO: Element present with locator: //input[@name='cvc'] locatorType: xpath
02/10/2022 09:39:21 AM - RegisterCoursesPage - INFO: Element Found with locator: //input[@name='cvc']and locatorType: xpath
02/10/2022 09:39:21 AM - RegisterCoursesPage - INFO: Send data on element with locator: //input[@name='cvc']locatorType: xpath
02/10/2022 09:39:21 AM - RegisterCoursesPage - INFO: Element Found with locator: //select[@name='country-list']and locatorType: xpath
02/10/2022 09:39:21 AM - RegisterCoursesPage - INFO: Clicked on element with locator: //select[@name='country-list'] locatorType: xpath
02/10/2022 09:39:21 AM - RegisterCoursesPage - INFO: Element Found with locator: //select[@name='country-list']//option[15]and locatorType: xpath
02/10/2022 09:39:22 AM - RegisterCoursesPage - INFO: Clicked on element with locator: //select[@name='country-list']//option[15] locatorType: xpath
02/10/2022 09:39:22 AM - RegisterCoursesPage - INFO: Element Found with locator: //button[contains(@class, 'zen-subscribe')][1]and locatorType: xpath
02/10/2022 09:39:22 AM - RegisterCoursesPage - INFO: Clicked on element with locator: //button[contains(@class, 'zen-subscribe')][1] locatorType: xpath
02/10/2022 09:39:22 AM - RegisterCoursesPage - INFO: Waiting for maximum :: 10 :: seconds for element to be clickable
02/10/2022 09:39:22 AM - RegisterCoursesPage - INFO: Element appeared on the web page
02/10/2022 09:39:22 AM - RegisterCoursesPage - INFO: Element is displayed with locator:  locatorType: xpath
02/10/2022 09:39:22 AM - TestStatus - INFO: ### VERIFICATION SUCCESSFUL :: + Enrollment Failed Verification
02/10/2022 09:39:22 AM - TestStatus - INFO: test_invalidEnrollment ### TEST SUCCESSFUL
02/10/2022 09:39:22 AM - NavigationPage - INFO: Element Found with locator: //a[text() ='ALL COURSES']and locatorType: xpath
02/10/2022 09:39:25 AM - NavigationPage - INFO: Clicked on element with locator: //a[text() ='ALL COURSES'] locatorType: xpath
02/10/2022 09:39:25 AM - RegisterCoursesPage - INFO: Element Found with locator: //a[text() = 'ALL COURSES']and locatorType: xpath
02/10/2022 09:39:29 AM - RegisterCoursesPage - INFO: Clicked on element with locator: //a[text() = 'ALL COURSES'] locatorType: xpath
02/10/2022 09:39:29 AM - RegisterCoursesPage - INFO: Element Found with locator: //input[contains(@class,'dynamic-text')]and locatorType: xpath
02/10/2022 09:39:29 AM - RegisterCoursesPage - INFO: Clicked on element with locator: //input[contains(@class,'dynamic-text')] locatorType: xpath
02/10/2022 09:39:31 AM - RegisterCoursesPage - INFO: Element Found with locator: //input[contains(@class,'dynamic-text')]and locatorType: xpath
02/10/2022 09:39:31 AM - RegisterCoursesPage - INFO: Send data on element with locator: //input[contains(@class,'dynamic-text')]locatorType: xpath
02/10/2022 09:39:36 AM - RegisterCoursesPage - INFO: Element Found with locator: //button[@class = 'find-course search-course']and locatorType: xpath
02/10/2022 09:39:37 AM - RegisterCoursesPage - INFO: Clicked on element with locator: //button[@class = 'find-course search-course'] locatorType: xpath
02/10/2022 09:39:37 AM - RegisterCoursesPage - INFO: Element Found with locator: //div[@class = 'col-md-12']//h4[contains(text(), 'Complete Test Automation Bundle')]and locatorType: xpath
02/10/2022 09:39:38 AM - RegisterCoursesPage - INFO: Clicked on element with locator: //div[@class = 'col-md-12']//h4[contains(text(), 'Complete Test Automation Bundle')] locatorType: xpath
02/10/2022 09:39:38 AM - RegisterCoursesPage - INFO: Element Found with locator: //button[contains(@class,'dynamic-button')]and locatorType: xpath
02/10/2022 09:39:42 AM - RegisterCoursesPage - INFO: Clicked on element with locator: //button[contains(@class,'dynamic-button')] locatorType: xpath
02/10/2022 09:39:42 AM - RegisterCoursesPage - INFO: Element list found with locator: //iframe and  locatorType: xpath
02/10/2022 09:39:42 AM - RegisterCoursesPage - INFO: Lengh of iframe list: 
02/10/2022 09:39:42 AM - RegisterCoursesPage - INFO: 8
02/10/2022 09:39:42 AM - RegisterCoursesPage - INFO: Element Found with locator: //div[contains(@class,'CardNumberField-input-wrapper')]//inputand locatorType: xpath
02/10/2022 09:39:42 AM - RegisterCoursesPage - INFO: Element present with locator: //div[contains(@class,'CardNumberField-input-wrapper')]//input locatorType: xpath
02/10/2022 09:39:42 AM - RegisterCoursesPage - INFO: Element Found with locator: //div[contains(@class,'CardNumberField-input-wrapper')]//inputand locatorType: xpath
02/10/2022 09:39:42 AM - RegisterCoursesPage - INFO: Clicked on element with locator: //div[contains(@class,'CardNumberField-input-wrapper')]//input locatorType: xpath
02/10/2022 09:39:42 AM - RegisterCoursesPage - INFO: Element Found with locator: //div[contains(@class,'CardNumberField-input-wrapper')]//inputand locatorType: xpath
02/10/2022 09:39:42 AM - RegisterCoursesPage - INFO: Send data on element with locator: //div[contains(@class,'CardNumberField-input-wrapper')]//inputlocatorType: xpath
02/10/2022 09:39:42 AM - RegisterCoursesPage - INFO: Element list found with locator: //iframe and  locatorType: xpath
02/10/2022 09:39:42 AM - RegisterCoursesPage - INFO: Lengh of iframe list: 
02/10/2022 09:39:42 AM - RegisterCoursesPage - INFO: 8
02/10/2022 09:39:45 AM - RegisterCoursesPage - INFO: Element not found with locator: //input[@name='exp-date']locatorType: xpath
02/10/2022 09:39:45 AM - RegisterCoursesPage - INFO: Element not present with locator: //input[@name='exp-date'] locatorType: xpath
02/10/2022 09:39:45 AM - RegisterCoursesPage - INFO: Element Found with locator: //input[@name='exp-date']and locatorType: xpath
02/10/2022 09:39:45 AM - RegisterCoursesPage - INFO: Element present with locator: //input[@name='exp-date'] locatorType: xpath
02/10/2022 09:39:45 AM - RegisterCoursesPage - INFO: Element Found with locator: //input[@name='exp-date']and locatorType: xpath
02/10/2022 09:39:45 AM - RegisterCoursesPage - INFO: Send data on element with locator: //input[@name='exp-date']locatorType: xpath
02/10/2022 09:39:45 AM - RegisterCoursesPage - INFO: Element list found with locator: //iframe and  locatorType: xpath
02/10/2022 09:39:45 AM - RegisterCoursesPage - INFO: Lengh of iframe list: 
02/10/2022 09:39:45 AM - RegisterCoursesPage - INFO: 8
02/10/2022 09:39:48 AM - RegisterCoursesPage - INFO: Element not found with locator: //input[@name='cvc']locatorType: xpath
02/10/2022 09:39:48 AM - RegisterCoursesPage - INFO: Element not present with locator: //input[@name='cvc'] locatorType: xpath
02/10/2022 09:39:51 AM - RegisterCoursesPage - INFO: Element not found with locator: //input[@name='cvc']locatorType: xpath
02/10/2022 09:39:51 AM - RegisterCoursesPage - INFO: Element not present with locator: //input[@name='cvc'] locatorType: xpath
02/10/2022 09:39:51 AM - RegisterCoursesPage - INFO: Element Found with locator: //input[@name='cvc']and locatorType: xpath
02/10/2022 09:39:51 AM - RegisterCoursesPage - INFO: Element present with locator: //input[@name='cvc'] locatorType: xpath
02/10/2022 09:39:51 AM - RegisterCoursesPage - INFO: Element Found with locator: //input[@name='cvc']and locatorType: xpath
02/10/2022 09:39:51 AM - RegisterCoursesPage - INFO: Send data on element with locator: //input[@name='cvc']locatorType: xpath
02/10/2022 09:39:52 AM - RegisterCoursesPage - INFO: Element Found with locator: //select[@name='country-list']and locatorType: xpath
02/10/2022 09:39:52 AM - RegisterCoursesPage - INFO: Clicked on element with locator: //select[@name='country-list'] locatorType: xpath
02/10/2022 09:39:52 AM - RegisterCoursesPage - INFO: Element Found with locator: //select[@name='country-list']//option[15]and locatorType: xpath
02/10/2022 09:39:52 AM - RegisterCoursesPage - INFO: Clicked on element with locator: //select[@name='country-list']//option[15] locatorType: xpath
02/10/2022 09:39:52 AM - RegisterCoursesPage - INFO: Element Found with locator: //button[contains(@class, 'zen-subscribe')][1]and locatorType: xpath
02/10/2022 09:39:52 AM - RegisterCoursesPage - INFO: Clicked on element with locator: //button[contains(@class, 'zen-subscribe')][1] locatorType: xpath
02/10/2022 09:39:52 AM - RegisterCoursesPage - INFO: Waiting for maximum :: 10 :: seconds for element to be clickable
02/10/2022 09:39:52 AM - RegisterCoursesPage - INFO: Element appeared on the web page
02/10/2022 09:39:52 AM - RegisterCoursesPage - INFO: Element is displayed with locator:  locatorType: xpath
02/10/2022 09:39:52 AM - TestStatus - INFO: ### VERIFICATION SUCCESSFUL :: + Enrollment Failed Verification
02/10/2022 09:39:52 AM - TestStatus - INFO: test_invalidEnrollment ### TEST SUCCESSFUL
02/10/2022 09:40:04 AM - LoginPage - INFO: Element Found with locator: //a[text() = 'Sign In']and locatorType: xpath
02/10/2022 09:40:04 AM - LoginPage - INFO: Clicked on element with locator: //a[text() = 'Sign In'] locatorType: xpath
02/10/2022 09:40:04 AM - LoginPage - INFO: Element Found with locator: emailand locatorType: id
02/10/2022 09:40:05 AM - LoginPage - INFO: Element Found with locator: passwordand locatorType: id
02/10/2022 09:40:05 AM - LoginPage - INFO: Element Found with locator: emailand locatorType: id
02/10/2022 09:40:05 AM - LoginPage - INFO: Send data on element with locator: emaillocatorType: id
02/10/2022 09:40:05 AM - LoginPage - INFO: Element Found with locator: passwordand locatorType: id
02/10/2022 09:40:05 AM - LoginPage - INFO: Send data on element with locator: passwordlocatorType: id
02/10/2022 09:40:05 AM - LoginPage - INFO: Element Found with locator: //div[@class = 'col-xs-12 col-md-12']//inputand locatorType: xpath
02/10/2022 09:40:06 AM - LoginPage - INFO: Clicked on element with locator: //div[@class = 'col-xs-12 col-md-12']//input locatorType: xpath
02/10/2022 09:40:06 AM - NavigationPage - INFO: Waiting for maximum :: 10 :: seconds for element to be clickable
02/10/2022 09:40:06 AM - NavigationPage - INFO: Element appeared on the web page
02/10/2022 09:40:06 AM - NavigationPage - INFO: Clicked on element with locator:  locatorType: id
02/10/2022 09:40:06 AM - LoginPage - INFO: Element Found with locator: //a[text()='Logout']and locatorType: xpath
02/10/2022 09:40:07 AM - LoginPage - INFO: Clicked on element with locator: //a[text()='Logout'] locatorType: xpath
02/10/2022 09:40:07 AM - LoginPage - INFO: Element Found with locator: //a[text() = 'Sign In']and locatorType: xpath
02/10/2022 09:40:08 AM - LoginPage - INFO: Clicked on element with locator: //a[text() = 'Sign In'] locatorType: xpath
02/10/2022 09:40:08 AM - LoginPage - INFO: Element Found with locator: emailand locatorType: id
02/10/2022 09:40:08 AM - LoginPage - INFO: Element Found with locator: passwordand locatorType: id
02/10/2022 09:40:08 AM - LoginPage - INFO: Element Found with locator: emailand locatorType: id
02/10/2022 09:40:08 AM - LoginPage - INFO: Send data on element with locator: emaillocatorType: id
02/10/2022 09:40:08 AM - LoginPage - INFO: Element Found with locator: passwordand locatorType: id
02/10/2022 09:40:08 AM - LoginPage - INFO: Send data on element with locator: passwordlocatorType: id
02/10/2022 09:40:08 AM - LoginPage - INFO: Element Found with locator: //div[@class = 'col-xs-12 col-md-12']//inputand locatorType: xpath
02/10/2022 09:40:10 AM - LoginPage - INFO: Clicked on element with locator: //div[@class = 'col-xs-12 col-md-12']//input locatorType: xpath
02/10/2022 09:40:10 AM - LoginPage - INFO: Element Found with locator: //span[contains(text(),'Your username or password is invalid.')]and locatorType: xpath
02/10/2022 09:40:10 AM - LoginPage - INFO: Element present with locator: //span[contains(text(),'Your username or password is invalid.')] locatorType: xpath
02/10/2022 09:40:10 AM - LoginPage - INFO: Element Found with locator: //a[text() = 'Sign In']and locatorType: xpath
02/10/2022 09:40:10 AM - LoginPage - INFO: Clicked on element with locator: //a[text() = 'Sign In'] locatorType: xpath
02/10/2022 09:40:10 AM - LoginPage - INFO: Element Found with locator: emailand locatorType: id
02/10/2022 09:40:10 AM - LoginPage - INFO: Element Found with locator: passwordand locatorType: id
02/10/2022 09:40:10 AM - LoginPage - INFO: Element Found with locator: emailand locatorType: id
02/10/2022 09:40:10 AM - LoginPage - INFO: Send data on element with locator: emaillocatorType: id
02/10/2022 09:40:10 AM - LoginPage - INFO: Element Found with locator: passwordand locatorType: id
02/10/2022 09:40:10 AM - LoginPage - INFO: Send data on element with locator: passwordlocatorType: id
02/10/2022 09:40:10 AM - LoginPage - INFO: Element Found with locator: //div[@class = 'col-xs-12 col-md-12']//inputand locatorType: xpath
02/10/2022 09:40:12 AM - LoginPage - INFO: Clicked on element with locator: //div[@class = 'col-xs-12 col-md-12']//input locatorType: xpath
02/10/2022 09:40:12 AM - TestStatus - INFO: ### VERIFICATION SUCCESSFUL :: + Title Verification
02/10/2022 09:40:12 AM - LoginPage - INFO: Element Found with locator: //div[@class='dropdown']and locatorType: xpath
02/10/2022 09:40:12 AM - LoginPage - INFO: Element present with locator: //div[@class='dropdown'] locatorType: xpath
02/10/2022 09:40:12 AM - TestStatus - INFO: ### VERIFICATION SUCCESSFUL :: + Login Verification
02/10/2022 09:40:12 AM - TestStatus - INFO: test_validLogin ### TEST SUCCESSFUL
